<?xml version="1.0" encoding="UTF-8"?>
<testsuite name="org.wecancodeit.reviewssite.ReviewControllerMVCTest" tests="4" skipped="0" failures="0" errors="0" timestamp="2020-10-09T17:29:33" hostname="UNIT2020-3" time="0.367">
  <properties/>
  <testcase name="shouldFindCourseOneInModel()" classname="org.wecancodeit.reviewssite.ReviewControllerMVCTest" time="0.336"/>
  <testcase name="shouldFindAllReviewsInModel()" classname="org.wecancodeit.reviewssite.ReviewControllerMVCTest" time="0.01"/>
  <testcase name="shouldBeOkForOneReviewInTheReviewTemplate()" classname="org.wecancodeit.reviewssite.ReviewControllerMVCTest" time="0.008"/>
  <testcase name="shouldBeOkForAllCoursesInTheReviewTemplate()" classname="org.wecancodeit.reviewssite.ReviewControllerMVCTest" time="0.007"/>
  <system-out><![CDATA[13:29:30.734 [Test worker] DEBUG org.springframework.test.context.BootstrapUtils - Instantiating CacheAwareContextLoaderDelegate from class [org.springframework.test.context.cache.DefaultCacheAwareContextLoaderDelegate]
13:29:30.750 [Test worker] DEBUG org.springframework.test.context.BootstrapUtils - Instantiating BootstrapContext using constructor [public org.springframework.test.context.support.DefaultBootstrapContext(java.lang.Class,org.springframework.test.context.CacheAwareContextLoaderDelegate)]
13:29:30.781 [Test worker] DEBUG org.springframework.test.context.BootstrapUtils - Instantiating TestContextBootstrapper for test class [org.wecancodeit.reviewssite.ReviewControllerMVCTest] from class [org.springframework.boot.test.autoconfigure.web.servlet.WebMvcTestContextBootstrapper]
13:29:30.797 [Test worker] INFO org.springframework.boot.test.autoconfigure.web.servlet.WebMvcTestContextBootstrapper - Neither @ContextConfiguration nor @ContextHierarchy found for test class [org.wecancodeit.reviewssite.ReviewControllerMVCTest], using SpringBootContextLoader
13:29:30.797 [Test worker] DEBUG org.springframework.test.context.support.AbstractContextLoader - Did not detect default resource location for test class [org.wecancodeit.reviewssite.ReviewControllerMVCTest]: class path resource [org/wecancodeit/reviewssite/ReviewControllerMVCTest-context.xml] does not exist
13:29:30.797 [Test worker] DEBUG org.springframework.test.context.support.AbstractContextLoader - Did not detect default resource location for test class [org.wecancodeit.reviewssite.ReviewControllerMVCTest]: class path resource [org/wecancodeit/reviewssite/ReviewControllerMVCTestContext.groovy] does not exist
13:29:30.797 [Test worker] INFO org.springframework.test.context.support.AbstractContextLoader - Could not detect default resource locations for test class [org.wecancodeit.reviewssite.ReviewControllerMVCTest]: no resource found for suffixes {-context.xml, Context.groovy}.
13:29:30.797 [Test worker] INFO org.springframework.test.context.support.AnnotationConfigContextLoaderUtils - Could not detect default configuration classes for test class [org.wecancodeit.reviewssite.ReviewControllerMVCTest]: ReviewControllerMVCTest does not declare any static, non-private, non-final, nested classes annotated with @Configuration.
13:29:30.859 [Test worker] DEBUG org.springframework.test.context.support.ActiveProfilesUtils - Could not find an 'annotation declaring class' for annotation type [org.springframework.test.context.ActiveProfiles] and class [org.wecancodeit.reviewssite.ReviewControllerMVCTest]
13:29:30.921 [Test worker] DEBUG org.springframework.context.annotation.ClassPathScanningCandidateComponentProvider - Identified candidate component class: file [C:\Users\user2020\IdeaProjects\reviewssite\build\classes\java\main\org\wecancodeit\reviewssite\ReviewssiteApplication.class]
13:29:30.921 [Test worker] INFO org.springframework.boot.test.context.SpringBootTestContextBootstrapper - Found @SpringBootConfiguration org.wecancodeit.reviewssite.ReviewssiteApplication for test class org.wecancodeit.reviewssite.ReviewControllerMVCTest
13:29:30.921 [Test worker] DEBUG org.springframework.boot.test.autoconfigure.web.servlet.WebMvcTestContextBootstrapper - @TestExecutionListeners is not present for class [org.wecancodeit.reviewssite.ReviewControllerMVCTest]: using defaults.
13:29:30.921 [Test worker] INFO org.springframework.boot.test.autoconfigure.web.servlet.WebMvcTestContextBootstrapper - Loaded default TestExecutionListener class names from location [META-INF/spring.factories]: [org.springframework.boot.test.autoconfigure.restdocs.RestDocsTestExecutionListener, org.springframework.boot.test.autoconfigure.web.client.MockRestServiceServerResetTestExecutionListener, org.springframework.boot.test.autoconfigure.web.servlet.MockMvcPrintOnlyOnFailureTestExecutionListener, org.springframework.boot.test.autoconfigure.web.servlet.WebDriverTestExecutionListener, org.springframework.boot.test.autoconfigure.webservices.client.MockWebServiceServerTestExecutionListener, org.springframework.boot.test.mock.mockito.MockitoTestExecutionListener, org.springframework.boot.test.mock.mockito.ResetMocksTestExecutionListener, org.springframework.test.context.web.ServletTestExecutionListener, org.springframework.test.context.support.DirtiesContextBeforeModesTestExecutionListener, org.springframework.test.context.support.DependencyInjectionTestExecutionListener, org.springframework.test.context.support.DirtiesContextTestExecutionListener, org.springframework.test.context.transaction.TransactionalTestExecutionListener, org.springframework.test.context.jdbc.SqlScriptsTestExecutionListener, org.springframework.test.context.event.EventPublishingTestExecutionListener]
13:29:30.937 [Test worker] DEBUG org.springframework.boot.test.autoconfigure.web.servlet.WebMvcTestContextBootstrapper - Skipping candidate TestExecutionListener [org.springframework.test.context.transaction.TransactionalTestExecutionListener] due to a missing dependency. Specify custom listener classes or make the default listener classes and their required dependencies available. Offending class: [org/springframework/transaction/TransactionDefinition]
13:29:30.937 [Test worker] DEBUG org.springframework.boot.test.autoconfigure.web.servlet.WebMvcTestContextBootstrapper - Skipping candidate TestExecutionListener [org.springframework.test.context.jdbc.SqlScriptsTestExecutionListener] due to a missing dependency. Specify custom listener classes or make the default listener classes and their required dependencies available. Offending class: [org/springframework/transaction/interceptor/TransactionAttribute]
13:29:30.937 [Test worker] INFO org.springframework.boot.test.autoconfigure.web.servlet.WebMvcTestContextBootstrapper - Using TestExecutionListeners: [org.springframework.test.context.web.ServletTestExecutionListener@59a15853, org.springframework.test.context.support.DirtiesContextBeforeModesTestExecutionListener@85fe07e, org.springframework.boot.test.mock.mockito.MockitoTestExecutionListener@33f138c5, org.springframework.boot.test.autoconfigure.SpringBootDependencyInjectionTestExecutionListener@5888a3a5, org.springframework.test.context.support.DirtiesContextTestExecutionListener@bb80b27, org.springframework.test.context.event.EventPublishingTestExecutionListener@7c13463e, org.springframework.boot.test.autoconfigure.restdocs.RestDocsTestExecutionListener@461e7e69, org.springframework.boot.test.autoconfigure.web.client.MockRestServiceServerResetTestExecutionListener@5b967884, org.springframework.boot.test.autoconfigure.web.servlet.MockMvcPrintOnlyOnFailureTestExecutionListener@10bcb1e2, org.springframework.boot.test.autoconfigure.web.servlet.WebDriverTestExecutionListener@76f8277d, org.springframework.boot.test.autoconfigure.webservices.client.MockWebServiceServerTestExecutionListener@4320f2fd, org.springframework.boot.test.mock.mockito.ResetMocksTestExecutionListener@2b1af045]
13:29:30.937 [Test worker] DEBUG org.springframework.test.context.support.AbstractDirtiesContextTestExecutionListener - Before test class: context [DefaultTestContext@17b5fd01 testClass = ReviewControllerMVCTest, testInstance = [null], testMethod = [null], testException = [null], mergedContextConfiguration = [WebMergedContextConfiguration@42c5431a testClass = ReviewControllerMVCTest, locations = '{}', classes = '{class org.wecancodeit.reviewssite.ReviewssiteApplication}', contextInitializerClasses = '[]', activeProfiles = '{}', propertySourceLocations = '{}', propertySourceProperties = '{org.springframework.boot.test.autoconfigure.web.servlet.WebMvcTestContextBootstrapper=true}', contextCustomizers = set[org.springframework.boot.test.autoconfigure.OverrideAutoConfigurationContextCustomizerFactory$DisableAutoConfigurationContextCustomizer@c046d5f, org.springframework.boot.test.autoconfigure.filter.TypeExcludeFiltersContextCustomizer@16d1f5f6, org.springframework.boot.test.autoconfigure.properties.PropertyMappingContextCustomizer@cf983731, org.springframework.boot.test.autoconfigure.web.servlet.WebDriverContextCustomizerFactory$Customizer@4b1b26c4, [ImportsContextCustomizer@3d1dfc33 key = [org.springframework.boot.autoconfigure.cache.CacheAutoConfiguration, org.springframework.boot.autoconfigure.context.MessageSourceAutoConfiguration, org.springframework.boot.autoconfigure.data.web.SpringDataWebAutoConfiguration, org.springframework.boot.autoconfigure.freemarker.FreeMarkerAutoConfiguration, org.springframework.boot.autoconfigure.groovy.template.GroovyTemplateAutoConfiguration, org.springframework.boot.autoconfigure.gson.GsonAutoConfiguration, org.springframework.boot.autoconfigure.hateoas.HypermediaAutoConfiguration, org.springframework.boot.autoconfigure.http.HttpMessageConvertersAutoConfiguration, org.springframework.boot.autoconfigure.jackson.JacksonAutoConfiguration, org.springframework.boot.autoconfigure.jsonb.JsonbAutoConfiguration, org.springframework.boot.autoconfigure.mustache.MustacheAutoConfiguration, org.springframework.boot.autoconfigure.task.TaskExecutionAutoConfiguration, org.springframework.boot.autoconfigure.thymeleaf.ThymeleafAutoConfiguration, org.springframework.boot.autoconfigure.validation.ValidationAutoConfiguration, org.springframework.boot.autoconfigure.web.servlet.error.ErrorMvcAutoConfiguration, org.springframework.boot.autoconfigure.web.servlet.WebMvcAutoConfiguration, org.springframework.boot.test.autoconfigure.web.servlet.MockMvcAutoConfiguration, org.springframework.boot.test.autoconfigure.web.servlet.MockMvcWebClientAutoConfiguration, org.springframework.boot.test.autoconfigure.web.servlet.MockMvcWebDriverAutoConfiguration, org.springframework.boot.autoconfigure.security.oauth2.client.servlet.OAuth2ClientAutoConfiguration, org.springframework.boot.autoconfigure.security.oauth2.resource.servlet.OAuth2ResourceServerAutoConfiguration, org.springframework.boot.autoconfigure.security.servlet.SecurityAutoConfiguration, org.springframework.boot.autoconfigure.security.servlet.SecurityFilterAutoConfiguration, org.springframework.boot.autoconfigure.security.servlet.UserDetailsServiceAutoConfiguration, org.springframework.boot.test.autoconfigure.web.servlet.MockMvcSecurityConfiguration]], org.springframework.boot.test.context.filter.ExcludeFilterContextCustomizer@5e0bac2d, org.springframework.boot.test.json.DuplicateJsonObjectContextCustomizerFactory$DuplicateJsonObjectContextCustomizer@7bcd083b, org.springframework.boot.test.mock.mockito.MockitoContextCustomizer@84ca1caa, org.springframework.boot.test.context.SpringBootTestArgs@1], resourceBasePath = 'src/main/webapp', contextLoader = 'org.springframework.boot.test.context.SpringBootContextLoader', parent = [null]], attributes = map[[empty]]], class annotated with @DirtiesContext [false] with mode [null].
13:29:31.328 [Test worker] DEBUG org.springframework.test.context.support.TestPropertySourceUtils - Adding inlined properties to environment: {spring.jmx.enabled=false, org.springframework.boot.test.autoconfigure.web.servlet.WebMvcTestContextBootstrapper=true}

  .   ____          _            __ _ _
 /\\ / ___'_ __ _ _(_)_ __  __ _ \ \ \ \
( ( )\___ | '_ | '_| | '_ \/ _` | \ \ \ \
 \\/  ___)| |_)| | | | | || (_| |  ) ) ) )
  '  |____| .__|_| |_|_| |_\__, | / / / /
 =========|_|==============|___/=/_/_/_/
 :: Spring Boot ::        (v2.3.4.RELEASE)

2020-10-09 13:29:31.687  INFO 16680 --- [    Test worker] o.w.reviewssite.ReviewControllerMVCTest  : Starting ReviewControllerMVCTest on Unit2020-3 with PID 16680 (started by We Can Code IT in C:\Users\user2020\IdeaProjects\reviewssite)
2020-10-09 13:29:31.687  INFO 16680 --- [    Test worker] o.w.reviewssite.ReviewControllerMVCTest  : No active profile set, falling back to default profiles: default
2020-10-09 13:29:32.687  INFO 16680 --- [    Test worker] o.s.s.concurrent.ThreadPoolTaskExecutor  : Initializing ExecutorService 'applicationTaskExecutor'
2020-10-09 13:29:33.015  INFO 16680 --- [    Test worker] o.s.b.t.m.w.SpringBootMockServletContext : Initializing Spring TestDispatcherServlet ''
2020-10-09 13:29:33.015  INFO 16680 --- [    Test worker] o.s.t.web.servlet.TestDispatcherServlet  : Initializing Servlet ''
2020-10-09 13:29:33.031  INFO 16680 --- [    Test worker] o.s.t.web.servlet.TestDispatcherServlet  : Completed initialization in 16 ms
2020-10-09 13:29:33.063  INFO 16680 --- [    Test worker] o.w.reviewssite.ReviewControllerMVCTest  : Started ReviewControllerMVCTest in 1.72 seconds (JVM running for 3.204)
]]></system-out>
  <system-err><![CDATA[]]></system-err>
</testsuite>
