<?xml version="1.0" encoding="UTF-8"?>
<testsuite name="org.wecancodeit.reviewssite.ReviewsRepositoryTest" tests="2" skipped="0" failures="0" errors="0" timestamp="2020-10-09T17:29:33" hostname="UNIT2020-3" time="0.042">
  <properties/>
  <testcase name="shouldFindReviewOne()" classname="org.wecancodeit.reviewssite.ReviewsRepositoryTest" time="0.004"/>
  <testcase name="shouldFindReviewOneAndTwo()" classname="org.wecancodeit.reviewssite.ReviewsRepositoryTest" time="0.038"/>
  <system-out><![CDATA[]]></system-out>
  <system-err><![CDATA[]]></system-err>
</testsuite>
